{
  "stats": {
    "suites": 2,
    "tests": 3,
    "passes": 3,
    "pending": 0,
    "failures": 0,
    "start": "2024-10-22T13:31:26.436Z",
    "end": "2024-10-22T13:32:33.022Z",
    "duration": 66586,
    "testsRegistered": 3,
    "passPercent": 100,
    "pendingPercent": 0,
    "other": 0,
    "hasOther": false,
    "skipped": 0,
    "hasSkipped": false
  },
  "results": [
    {
      "uuid": "e9d40ea2-8b0a-4e33-9e15-bbc86603aeb2",
      "title": "",
      "fullFile": "",
      "file": "",
      "beforeHooks": [],
      "afterHooks": [],
      "tests": [],
      "suites": [
        {
          "uuid": "2274cc6e-ed1b-459a-8dd2-95e1ffae8d84",
          "title": "CT001 - Login na plataforma",
          "fullFile": "/Users/rodrigotozatti/Repositorio-iOS/Automacao-Mobile-iOS/testes/01-login_test.js",
          "file": "/testes/01-login_test.js",
          "beforeHooks": [
            {
              "title": "\"before all\" hook: codeceptjs.beforeSuite in \"CT001 - Login na plataforma\"",
              "fullTitle": "CT001 - Login na plataforma \"before all\" hook: codeceptjs.beforeSuite in \"CT001 - Login na plataforma\"",
              "timedOut": false,
              "duration": 2,
              "state": null,
              "speed": null,
              "pass": false,
              "fail": false,
              "pending": false,
              "context": null,
              "code": "scenario.suiteSetup(suite)",
              "err": {},
              "uuid": "2441ead0-a4f9-4610-b76e-98ce7432e01f",
              "parentUUID": "2274cc6e-ed1b-459a-8dd2-95e1ffae8d84",
              "isHook": true,
              "skipped": false
            },
            {
              "title": "\"before each\" hook: codeceptjs.before in \"CT001 - Login na plataforma\"",
              "fullTitle": "CT001 - Login na plataforma \"before each\" hook: codeceptjs.before in \"CT001 - Login na plataforma\"",
              "timedOut": false,
              "duration": 7421,
              "state": null,
              "speed": null,
              "pass": false,
              "fail": false,
              "pending": false,
              "context": null,
              "code": "scenario.setup(suite)",
              "err": {},
              "uuid": "e5ccf17c-0f1c-4295-bfcc-c131878da799",
              "parentUUID": "2274cc6e-ed1b-459a-8dd2-95e1ffae8d84",
              "isHook": true,
              "skipped": false
            }
          ],
          "afterHooks": [
            {
              "title": "\"after all\" hook: codeceptjs.afterSuite in \"CT001 - Login na plataforma\"",
              "fullTitle": "CT001 - Login na plataforma \"after all\" hook: codeceptjs.afterSuite in \"CT001 - Login na plataforma\"",
              "timedOut": false,
              "duration": 0,
              "state": null,
              "speed": null,
              "pass": false,
              "fail": false,
              "pending": false,
              "context": null,
              "code": "scenario.suiteTeardown(suite)",
              "err": {},
              "uuid": "934b326a-ae13-48aa-8368-b78aa57856a4",
              "parentUUID": "2274cc6e-ed1b-459a-8dd2-95e1ffae8d84",
              "isHook": true,
              "skipped": false
            },
            {
              "title": "\"after each\" hook: finalize codeceptjs in \"CT001 - Login na plataforma\"",
              "fullTitle": "CT001 - Login na plataforma \"after each\" hook: finalize codeceptjs in \"CT001 - Login na plataforma\"",
              "timedOut": false,
              "duration": 1067,
              "state": null,
              "speed": null,
              "pass": false,
              "fail": false,
              "pending": false,
              "context": null,
              "code": "scenario.teardown(suite)",
              "err": {},
              "uuid": "660fc345-45cf-4596-92aa-ccdd36785bf0",
              "parentUUID": "2274cc6e-ed1b-459a-8dd2-95e1ffae8d84",
              "isHook": true,
              "skipped": false
            }
          ],
          "tests": [
            {
              "title": "Cenário 01: Realizar login com sucesso",
              "fullTitle": "CT001 - Login na plataforma: Cenário 01: Realizar login com sucesso",
              "timedOut": false,
              "duration": 7303,
              "state": "passed",
              "speed": "slow",
              "pass": true,
              "fail": false,
              "pending": false,
              "context": null,
              "code": "pagina_inicialPage } ) => {\n    loginPage.login('teste@teste.com', '123456'),\n    pagina_inicialPage.validar()",
              "err": {},
              "uuid": "dbc1591d-1dc4-4360-9232-3f2459b98cf3",
              "parentUUID": "2274cc6e-ed1b-459a-8dd2-95e1ffae8d84",
              "isHook": false,
              "skipped": false
            },
            {
              "title": "Cenário 02: Tentativa de login com senha errada",
              "fullTitle": "CT001 - Login na plataforma: Cenário 02: Tentativa de login com senha errada",
              "timedOut": false,
              "duration": 11492,
              "state": "passed",
              "speed": "slow",
              "pass": true,
              "fail": false,
              "pending": false,
              "context": null,
              "code": "loginPage.login('teste2@teste.com', '123456')\nloginPage.validarErro()",
              "err": {},
              "uuid": "bb96b1a1-63d2-4c16-89c7-18faa0c2f111",
              "parentUUID": "2274cc6e-ed1b-459a-8dd2-95e1ffae8d84",
              "isHook": false,
              "skipped": false
            }
          ],
          "suites": [],
          "passes": [
            "dbc1591d-1dc4-4360-9232-3f2459b98cf3",
            "bb96b1a1-63d2-4c16-89c7-18faa0c2f111"
          ],
          "failures": [],
          "pending": [],
          "skipped": [],
          "duration": 18795,
          "root": false,
          "rootEmpty": false,
          "_timeout": 0
        },
        {
          "uuid": "284bf3d5-32b3-42a8-a797-82b8fb2d0b60",
          "title": "CT002 - Manutenção de alunos",
          "fullFile": "/Users/rodrigotozatti/Repositorio-iOS/Automacao-Mobile-iOS/testes/02-alunos_test.js",
          "file": "/testes/02-alunos_test.js",
          "beforeHooks": [
            {
              "title": "\"before all\" hook: codeceptjs.beforeSuite in \"CT002 - Manutenção de alunos\"",
              "fullTitle": "CT002 - Manutenção de alunos \"before all\" hook: codeceptjs.beforeSuite in \"CT002 - Manutenção de alunos\"",
              "timedOut": false,
              "duration": 0,
              "state": null,
              "speed": null,
              "pass": false,
              "fail": false,
              "pending": false,
              "context": null,
              "code": "scenario.suiteSetup(suite)",
              "err": {},
              "uuid": "02c1a25f-d54f-40a2-a0fe-e94e18b3fe5c",
              "parentUUID": "284bf3d5-32b3-42a8-a797-82b8fb2d0b60",
              "isHook": true,
              "skipped": false
            },
            {
              "title": "\"before each\" hook: codeceptjs.before in \"CT002 - Manutenção de alunos\"",
              "fullTitle": "CT002 - Manutenção de alunos \"before each\" hook: codeceptjs.before in \"CT002 - Manutenção de alunos\"",
              "timedOut": false,
              "duration": 7732,
              "state": null,
              "speed": null,
              "pass": false,
              "fail": false,
              "pending": false,
              "context": null,
              "code": "scenario.setup(suite)",
              "err": {},
              "uuid": "422a283d-9dd2-4987-a5b0-0432e3f7ca15",
              "parentUUID": "284bf3d5-32b3-42a8-a797-82b8fb2d0b60",
              "isHook": true,
              "skipped": false
            }
          ],
          "afterHooks": [
            {
              "title": "\"after all\" hook: codeceptjs.afterSuite in \"CT002 - Manutenção de alunos\"",
              "fullTitle": "CT002 - Manutenção de alunos \"after all\" hook: codeceptjs.afterSuite in \"CT002 - Manutenção de alunos\"",
              "timedOut": false,
              "duration": 0,
              "state": null,
              "speed": null,
              "pass": false,
              "fail": false,
              "pending": false,
              "context": null,
              "code": "scenario.suiteTeardown(suite)",
              "err": {},
              "uuid": "c3092077-2f79-46de-829c-da598a47d41c",
              "parentUUID": "284bf3d5-32b3-42a8-a797-82b8fb2d0b60",
              "isHook": true,
              "skipped": false
            },
            {
              "title": "\"after each\" hook: finalize codeceptjs in \"CT002 - Manutenção de alunos\"",
              "fullTitle": "CT002 - Manutenção de alunos \"after each\" hook: finalize codeceptjs in \"CT002 - Manutenção de alunos\"",
              "timedOut": false,
              "duration": 1042,
              "state": null,
              "speed": null,
              "pass": false,
              "fail": false,
              "pending": false,
              "context": null,
              "code": "scenario.teardown(suite)",
              "err": {},
              "uuid": "9196af2c-cccb-4a26-9372-b08d132e5daa",
              "parentUUID": "284bf3d5-32b3-42a8-a797-82b8fb2d0b60",
              "isHook": true,
              "skipped": false
            }
          ],
          "tests": [
            {
              "title": "Cadastrar aluno com sucesso",
              "fullTitle": "CT002 - Manutenção de alunos: Cadastrar aluno com sucesso",
              "timedOut": false,
              "duration": 20104,
              "state": "passed",
              "speed": "slow",
              "pass": true,
              "fail": false,
              "pending": false,
              "context": null,
              "code": "const codigo4 = codigo.codigo4Digitos() // criar a variável para que na tela utilize o mesmo código em vários campos\n    const nomeAluno = nomeCompleto.nomeFaker() // criar variável para que na tela utilize o mesmo código em vários campos\n    // login\n    loginPage.login(variaveis_geral.email, variaveis_geral.senha)\n    // manutenção aluno\n    pagina_inicialPage.cadAlunos(codigo4, nomeAluno) // cadastro do aluno\n    pagina_inicialPage.pesquisaAluno(nomeAluno)\n    pagina_inicialPage.validarAluno(codigo4)",
              "err": {},
              "uuid": "dba37ca2-32f7-48e2-bfb0-e25fb4e847d0",
              "parentUUID": "284bf3d5-32b3-42a8-a797-82b8fb2d0b60",
              "isHook": false,
              "skipped": false
            }
          ],
          "suites": [],
          "passes": [
            "dba37ca2-32f7-48e2-bfb0-e25fb4e847d0"
          ],
          "failures": [],
          "pending": [],
          "skipped": [],
          "duration": 20104,
          "root": false,
          "rootEmpty": false,
          "_timeout": 0
        }
      ],
      "passes": [],
      "failures": [],
      "pending": [],
      "skipped": [],
      "duration": 0,
      "root": true,
      "rootEmpty": true,
      "_timeout": 0
    }
  ],
  "meta": {
    "mocha": {
      "version": "10.7.3"
    },
    "mochawesome": {
      "options": {
        "quiet": false,
        "reportFilename": "mochawesome",
        "saveHtml": true,
        "saveJson": true,
        "consoleReporter": "spec",
        "useInlineDiffs": false,
        "code": true
      },
      "version": "7.1.3"
    },
    "marge": {
      "options": {},
      "version": "6.2.0"
    }
  }
}