{
  "stats": {
    "suites": 2,
    "tests": 3,
    "passes": 3,
    "pending": 0,
    "failures": 0,
    "start": "2024-10-23T12:32:59.855Z",
    "end": "2024-10-23T12:34:07.352Z",
    "duration": 67497,
    "testsRegistered": 3,
    "passPercent": 100,
    "pendingPercent": 0,
    "other": 0,
    "hasOther": false,
    "skipped": 0,
    "hasSkipped": false
  },
  "results": [
    {
      "uuid": "90be2cae-e6b5-4189-8c80-c476321af1bb",
      "title": "",
      "fullFile": "",
      "file": "",
      "beforeHooks": [],
      "afterHooks": [],
      "tests": [],
      "suites": [
        {
          "uuid": "d6116def-b881-4745-9433-2ec41abc21d4",
          "title": "CT001 - Login na plataforma",
          "fullFile": "/Users/rodrigotozatti/Repositorio-iOS/Automacao-Mobile-iOS/testes/01-login_test.js",
          "file": "/testes/01-login_test.js",
          "beforeHooks": [
            {
              "title": "\"before all\" hook: codeceptjs.beforeSuite in \"CT001 - Login na plataforma\"",
              "fullTitle": "CT001 - Login na plataforma \"before all\" hook: codeceptjs.beforeSuite in \"CT001 - Login na plataforma\"",
              "timedOut": false,
              "duration": 3,
              "state": null,
              "speed": null,
              "pass": false,
              "fail": false,
              "pending": false,
              "context": null,
              "code": "scenario.suiteSetup(suite)",
              "err": {},
              "uuid": "013db187-7599-466e-b6ec-af049b5f9755",
              "parentUUID": "d6116def-b881-4745-9433-2ec41abc21d4",
              "isHook": true,
              "skipped": false
            },
            {
              "title": "\"before each\" hook: codeceptjs.before in \"CT001 - Login na plataforma\"",
              "fullTitle": "CT001 - Login na plataforma \"before each\" hook: codeceptjs.before in \"CT001 - Login na plataforma\"",
              "timedOut": false,
              "duration": 7424,
              "state": null,
              "speed": null,
              "pass": false,
              "fail": false,
              "pending": false,
              "context": null,
              "code": "scenario.setup(suite)",
              "err": {},
              "uuid": "878cc1cb-1092-4f35-bf06-6cbcca8898aa",
              "parentUUID": "d6116def-b881-4745-9433-2ec41abc21d4",
              "isHook": true,
              "skipped": false
            }
          ],
          "afterHooks": [
            {
              "title": "\"after all\" hook: codeceptjs.afterSuite in \"CT001 - Login na plataforma\"",
              "fullTitle": "CT001 - Login na plataforma \"after all\" hook: codeceptjs.afterSuite in \"CT001 - Login na plataforma\"",
              "timedOut": false,
              "duration": 1,
              "state": null,
              "speed": null,
              "pass": false,
              "fail": false,
              "pending": false,
              "context": null,
              "code": "scenario.suiteTeardown(suite)",
              "err": {},
              "uuid": "3620b407-1f5c-4a69-bff7-194a802ba816",
              "parentUUID": "d6116def-b881-4745-9433-2ec41abc21d4",
              "isHook": true,
              "skipped": false
            },
            {
              "title": "\"after each\" hook: finalize codeceptjs in \"CT001 - Login na plataforma\"",
              "fullTitle": "CT001 - Login na plataforma \"after each\" hook: finalize codeceptjs in \"CT001 - Login na plataforma\"",
              "timedOut": false,
              "duration": 1063,
              "state": null,
              "speed": null,
              "pass": false,
              "fail": false,
              "pending": false,
              "context": null,
              "code": "scenario.teardown(suite)",
              "err": {},
              "uuid": "c78ece7e-39db-4a10-a2dd-a8b215490e3b",
              "parentUUID": "d6116def-b881-4745-9433-2ec41abc21d4",
              "isHook": true,
              "skipped": false
            }
          ],
          "tests": [
            {
              "title": "Cenário 01: Realizar login com sucesso",
              "fullTitle": "CT001 - Login na plataforma: Cenário 01: Realizar login com sucesso",
              "timedOut": false,
              "duration": 7385,
              "state": "passed",
              "speed": "slow",
              "pass": true,
              "fail": false,
              "pending": false,
              "context": null,
              "code": "pagina_inicialPage } ) => {\n    loginPage.login('teste@teste.com', '123456'),\n    pagina_inicialPage.validar()",
              "err": {},
              "uuid": "48d83971-3f93-40b2-a54f-ee7d82cebece",
              "parentUUID": "d6116def-b881-4745-9433-2ec41abc21d4",
              "isHook": false,
              "skipped": false
            },
            {
              "title": "Cenário 02: Tentativa de login com senha errada",
              "fullTitle": "CT001 - Login na plataforma: Cenário 02: Tentativa de login com senha errada",
              "timedOut": false,
              "duration": 12045,
              "state": "passed",
              "speed": "slow",
              "pass": true,
              "fail": false,
              "pending": false,
              "context": null,
              "code": "loginPage.login('teste2@teste.com', '123456')\nloginPage.validarErro()",
              "err": {},
              "uuid": "ba1e9dbb-9c6c-4c42-9bef-7422007dfee4",
              "parentUUID": "d6116def-b881-4745-9433-2ec41abc21d4",
              "isHook": false,
              "skipped": false
            }
          ],
          "suites": [],
          "passes": [
            "48d83971-3f93-40b2-a54f-ee7d82cebece",
            "ba1e9dbb-9c6c-4c42-9bef-7422007dfee4"
          ],
          "failures": [],
          "pending": [],
          "skipped": [],
          "duration": 19430,
          "root": false,
          "rootEmpty": false,
          "_timeout": 0
        },
        {
          "uuid": "5ef5c08b-82a4-43f5-afe2-ffac5b94c31f",
          "title": "CT002 - Manutenção de alunos",
          "fullFile": "/Users/rodrigotozatti/Repositorio-iOS/Automacao-Mobile-iOS/testes/02-alunos_test.js",
          "file": "/testes/02-alunos_test.js",
          "beforeHooks": [
            {
              "title": "\"before all\" hook: codeceptjs.beforeSuite in \"CT002 - Manutenção de alunos\"",
              "fullTitle": "CT002 - Manutenção de alunos \"before all\" hook: codeceptjs.beforeSuite in \"CT002 - Manutenção de alunos\"",
              "timedOut": false,
              "duration": 1,
              "state": null,
              "speed": null,
              "pass": false,
              "fail": false,
              "pending": false,
              "context": null,
              "code": "scenario.suiteSetup(suite)",
              "err": {},
              "uuid": "72d98205-f207-479a-a378-bcab449d41eb",
              "parentUUID": "5ef5c08b-82a4-43f5-afe2-ffac5b94c31f",
              "isHook": true,
              "skipped": false
            },
            {
              "title": "\"before each\" hook: codeceptjs.before in \"CT002 - Manutenção de alunos\"",
              "fullTitle": "CT002 - Manutenção de alunos \"before each\" hook: codeceptjs.before in \"CT002 - Manutenção de alunos\"",
              "timedOut": false,
              "duration": 7547,
              "state": null,
              "speed": null,
              "pass": false,
              "fail": false,
              "pending": false,
              "context": null,
              "code": "scenario.setup(suite)",
              "err": {},
              "uuid": "370c869a-57d9-4997-b6d7-de6940a990fe",
              "parentUUID": "5ef5c08b-82a4-43f5-afe2-ffac5b94c31f",
              "isHook": true,
              "skipped": false
            }
          ],
          "afterHooks": [
            {
              "title": "\"after all\" hook: codeceptjs.afterSuite in \"CT002 - Manutenção de alunos\"",
              "fullTitle": "CT002 - Manutenção de alunos \"after all\" hook: codeceptjs.afterSuite in \"CT002 - Manutenção de alunos\"",
              "timedOut": false,
              "duration": 0,
              "state": null,
              "speed": null,
              "pass": false,
              "fail": false,
              "pending": false,
              "context": null,
              "code": "scenario.suiteTeardown(suite)",
              "err": {},
              "uuid": "332039dd-a5d1-4ee0-8b34-ffcdad7a768d",
              "parentUUID": "5ef5c08b-82a4-43f5-afe2-ffac5b94c31f",
              "isHook": true,
              "skipped": false
            },
            {
              "title": "\"after each\" hook: finalize codeceptjs in \"CT002 - Manutenção de alunos\"",
              "fullTitle": "CT002 - Manutenção de alunos \"after each\" hook: finalize codeceptjs in \"CT002 - Manutenção de alunos\"",
              "timedOut": false,
              "duration": 1047,
              "state": null,
              "speed": null,
              "pass": false,
              "fail": false,
              "pending": false,
              "context": null,
              "code": "scenario.teardown(suite)",
              "err": {},
              "uuid": "18aeb9d8-3537-469d-b6fd-fcc12f37e5cd",
              "parentUUID": "5ef5c08b-82a4-43f5-afe2-ffac5b94c31f",
              "isHook": true,
              "skipped": false
            }
          ],
          "tests": [
            {
              "title": "Cadastrar aluno com sucesso",
              "fullTitle": "CT002 - Manutenção de alunos: Cadastrar aluno com sucesso",
              "timedOut": false,
              "duration": 20701,
              "state": "passed",
              "speed": "slow",
              "pass": true,
              "fail": false,
              "pending": false,
              "context": null,
              "code": "const codigo4 = codigo.codigo4Digitos() // criar a variável para que na tela utilize o mesmo código em vários campos\n    const nomeAluno = nomeCompleto.nomeFaker() // criar variável para que na tela utilize o mesmo código em vários campos\n    // login\n    loginPage.login(variaveis_geral.email, variaveis_geral.senha)\n    // manutenção aluno\n    pagina_inicialPage.cadAlunos(codigo4, nomeAluno) // cadastro do aluno\n    pagina_inicialPage.pesquisaAluno(nomeAluno)\n    pagina_inicialPage.validarAluno(codigo4)",
              "err": {},
              "uuid": "d2f470a8-656c-4cbb-ab17-01c5e1d2f136",
              "parentUUID": "5ef5c08b-82a4-43f5-afe2-ffac5b94c31f",
              "isHook": false,
              "skipped": false
            }
          ],
          "suites": [],
          "passes": [
            "d2f470a8-656c-4cbb-ab17-01c5e1d2f136"
          ],
          "failures": [],
          "pending": [],
          "skipped": [],
          "duration": 20701,
          "root": false,
          "rootEmpty": false,
          "_timeout": 0
        }
      ],
      "passes": [],
      "failures": [],
      "pending": [],
      "skipped": [],
      "duration": 0,
      "root": true,
      "rootEmpty": true,
      "_timeout": 0
    }
  ],
  "meta": {
    "mocha": {
      "version": "10.7.3"
    },
    "mochawesome": {
      "options": {
        "quiet": false,
        "reportFilename": "mochawesome",
        "saveHtml": true,
        "saveJson": true,
        "consoleReporter": "spec",
        "useInlineDiffs": false,
        "code": true
      },
      "version": "7.1.3"
    },
    "marge": {
      "options": {},
      "version": "6.2.0"
    }
  }
}